<?xml version="1.0" encoding="UTF-8"?>
<!-- Generated by org.testng.reporters.JUnitReportReporter -->
<testsuite hostname="DESKTOP-PFQ0Q3U" failures="0" tests="2" name="TestCases.Create_Plan" time="127.259" errors="0" timestamp="2024-10-22T17:55:07 WAT" skipped="0">
  <testcase classname="TestCases.Create_Plan" name="create_plan" time="63.002"/>
  <system-out/>
  <testcase classname="TestCases.Create_Plan" name="create_plan_empty_planName" time="64.257"/>
  <system-out/>
</testsuite> <!-- TestCases.Create_Plan -->
