<?xml version="1.0" encoding="UTF-8"?>
<!-- Generated by org.testng.reporters.JUnitReportReporter -->
<testsuite hostname="DESKTOP-PFQ0Q3U" failures="0" tests="4" name="TestCases.LoginTest" time="171.133" errors="0" timestamp="2024-10-22T17:55:07 WAT" skipped="0">
  <testcase classname="TestCases.LoginTest" name="login_successful" time="46.859"/>
  <system-out/>
  <testcase classname="TestCases.LoginTest" name="login_emptyEmail" time="76.988"/>
  <system-out/>
  <testcase classname="TestCases.LoginTest" name="login_emptyPassword" time="38.610"/>
  <system-out/>
  <testcase classname="TestCases.LoginTest" name="login_emptyPassword_emptyEmail" time="8.676"/>
  <system-out/>
</testsuite> <!-- TestCases.LoginTest -->
