<?xml version="1.0" encoding="UTF-8"?>
<!-- Generated by org.testng.reporters.JUnitReportReporter -->
<testsuite hostname="DESKTOP-PFQ0Q3U" failures="0" tests="2" name="TestCases.Wallet" time="246.214" errors="0" timestamp="2024-10-22T17:55:07 WAT" skipped="0">
  <testcase classname="TestCases.Wallet" name="wallet_balance_visible" time="108.881"/>
  <system-out/>
  <testcase classname="TestCases.Wallet" name="wallet_hide_balance" time="137.333"/>
  <system-out/>
</testsuite> <!-- TestCases.Wallet -->
