<?xml version="1.0" encoding="UTF-8"?>
<!-- Generated by org.testng.reporters.JUnitReportReporter -->
<testsuite hostname="DESKTOP-PFQ0Q3U" failures="0" tests="1" name="TestCases.View_plan" time="50.187" errors="0" timestamp="2024-10-22T17:55:07 WAT" skipped="0">
  <testcase classname="TestCases.View_plan" name="create_plan" time="50.187"/>
  <system-out/>
</testsuite> <!-- TestCases.View_plan -->
